warning: Git tree '/home/jickel/.config/nix' is dirty
building the system configuration...
warning: Git tree '/home/jickel/.config/nix' is dirty
these 14 derivations will be built:
  /nix/store/97nz653m6vv7lq4px4lfyln6bj4jdas3-godot4-mono-4.3-stable.drv
  /nix/store/fyiqv52larmfps1m3g6g0fdvai54bj5m-home-manager-path.drv
  /nix/store/mb4xih701mblcif4hzawz15bdy02xpcs-activation-script.drv
  /nix/store/wfynf8jcaplnj4cbmbn6a8lkxm891zj8-home-manager-generation.drv
  /nix/store/kaiamqn90ryaqn04vvwxqfjiccg1m924-unit-home-manager-jickel.service.drv
  /nix/store/c6gv90w9qskzkrlnx14a3wy9ijcydgsv-system-units.drv
  /nix/store/2p80nrypiz20j81m2is1w4y155pb3slg-etc.drv
  /nix/store/x4apnl0426lwbsz7jsdpcr2z6vwhivrs-system-units.drv
  /nix/store/mbmyb3f6k4igpy5bqm49jvsb9fy2iir4-etc.drv
  /nix/store/pv9g7894bgvqd8r9839mljcbn82w3c68-nixos-system-nixos-25.05.20250218.73cf49b.drv
  /nix/store/rfg46yp6a0prah7dim5jbbwrdb0aybq1-system-units.drv
  /nix/store/qmfc2ipz7k1xlb41pdb412l6adcff31d-etc.drv
  /nix/store/r45p7klpxn6j07inbsxhwj8g0hb6z8sg-nixos-system-nixos-25.05.20250218.73cf49b.drv
  /nix/store/3wf4aang6f5rk2jxz6ky2q6drrydfl1i-nixos-system-nixos-25.05.20250218.73cf49b.drv
building '/nix/store/97nz653m6vv7lq4px4lfyln6bj4jdas3-godot4-mono-4.3-stable.drv'...
building '/nix/store/fyiqv52larmfps1m3g6g0fdvai54bj5m-home-manager-path.drv'...
building '/nix/store/mb4xih701mblcif4hzawz15bdy02xpcs-activation-script.drv'...
building '/nix/store/wfynf8jcaplnj4cbmbn6a8lkxm891zj8-home-manager-generation.drv'...
building '/nix/store/kaiamqn90ryaqn04vvwxqfjiccg1m924-unit-home-manager-jickel.service.drv'...
building '/nix/store/c6gv90w9qskzkrlnx14a3wy9ijcydgsv-system-units.drv'...
building '/nix/store/rfg46yp6a0prah7dim5jbbwrdb0aybq1-system-units.drv'...
building '/nix/store/x4apnl0426lwbsz7jsdpcr2z6vwhivrs-system-units.drv'...
building '/nix/store/2p80nrypiz20j81m2is1w4y155pb3slg-etc.drv'...
building '/nix/store/mbmyb3f6k4igpy5bqm49jvsb9fy2iir4-etc.drv'...
building '/nix/store/qmfc2ipz7k1xlb41pdb412l6adcff31d-etc.drv'...
building '/nix/store/pv9g7894bgvqd8r9839mljcbn82w3c68-nixos-system-nixos-25.05.20250218.73cf49b.drv'...
building '/nix/store/r45p7klpxn6j07inbsxhwj8g0hb6z8sg-nixos-system-nixos-25.05.20250218.73cf49b.drv'...
building '/nix/store/3wf4aang6f5rk2jxz6ky2q6drrydfl1i-nixos-system-nixos-25.05.20250218.73cf49b.drv'...
stopping the following units: accounts-daemon.service, nvidia-container-toolkit-cdi-generator.service, open-webui.service
activating the configuration...
setting up /etc...
reloading user units for jickel...
restarting sysinit-reactivation.target
reloading the following units: dbus.service
restarting the following units: polkit.service, systemd-udevd.service
starting the following units: accounts-daemon.service, nvidia-container-toolkit-cdi-generator.service, open-webui.service
the following new units were started: NetworkManager-dispatcher.service, sysinit-reactivation.target, systemd-tmpfiles-resetup.service
Done. The new configuration is /nix/store/66vzbky5szf5mzmd8mv59mjz8rkdrs76-nixos-system-nixos-25.05.20250218.73cf49b
